2017-08-01 11:24:57,428 [Worker-4] INFO  c.g.t.t.d.PublishedGradleVersions - Gradle version information cache is up-to-date. Trying to read.
2017-08-02 08:49:30,004 [Worker-0] INFO  c.g.t.t.d.PublishedGradleVersions - Gradle version information cache is up-to-date. Trying to read.
2017-08-02 19:26:12,547 [Worker-3] INFO  c.g.t.t.d.PublishedGradleVersions - Gradle version information cache is out-of-date. Trying to update.
2017-08-03 08:48:34,791 [Worker-3] INFO  c.g.t.t.d.PublishedGradleVersions - Gradle version information cache is up-to-date. Trying to read.
2017-08-03 11:24:53,022 [Worker-5] INFO  c.g.t.t.d.PublishedGradleVersions - Gradle version information cache is up-to-date. Trying to read.
2017-08-04 14:11:13,496 [Worker-4] INFO  c.g.t.t.d.PublishedGradleVersions - Gradle version information cache is out-of-date. Trying to update.
2017-08-07 09:07:19,993 [Worker-5] INFO  c.g.t.t.d.PublishedGradleVersions - Gradle version information cache is out-of-date. Trying to update.
2017-08-07 20:14:41,140 [Worker-4] INFO  c.g.t.t.d.PublishedGradleVersions - Gradle version information cache is up-to-date. Trying to read.
2017-08-08 08:50:18,177 [Worker-0] INFO  c.g.t.t.d.PublishedGradleVersions - Gradle version information cache is up-to-date. Trying to read.
2017-08-08 10:06:41,303 [Worker-15] INFO  c.g.t.t.d.PublishedGradleVersions - Gradle version information cache is out-of-date. Trying to update.
2017-08-08 10:09:49,341 [Worker-0] INFO  c.g.t.t.d.PublishedGradleVersions - Gradle version information cache is up-to-date. Trying to read.
2017-08-09 08:47:32,057 [Worker-6] INFO  c.g.t.t.d.PublishedGradleVersions - Gradle version information cache is up-to-date. Trying to read.
2017-08-09 09:07:44,281 [Worker-17] INFO  c.g.t.t.d.PublishedGradleVersions - Gradle version information cache is up-to-date. Trying to read.
2017-08-09 09:14:20,372 [Worker-19] INFO  c.g.t.t.d.PublishedGradleVersions - Gradle version information cache is up-to-date. Trying to read.
2017-08-09 09:15:39,280 [Worker-0] INFO  c.g.t.t.d.PublishedGradleVersions - Gradle version information cache is up-to-date. Trying to read.
2017-08-09 09:29:22,952 [Worker-0] INFO  c.g.t.t.d.PublishedGradleVersions - Gradle version information cache is up-to-date. Trying to read.
2017-08-09 10:30:50,117 [Worker-5] INFO  c.g.t.t.d.PublishedGradleVersions - Gradle version information cache is out-of-date. Trying to update.
2017-08-10 16:06:59,091 [Worker-6] INFO  c.g.t.t.d.PublishedGradleVersions - Gradle version information cache is out-of-date. Trying to update.
2017-08-10 18:49:11,305 [Worker-3] INFO  c.g.t.t.d.PublishedGradleVersions - Gradle version information cache is up-to-date. Trying to read.
2017-08-11 09:01:38,649 [Worker-0] INFO  c.g.t.t.d.PublishedGradleVersions - Gradle version information cache is up-to-date. Trying to read.
2017-08-14 08:28:04,676 [Worker-0] INFO  c.g.t.t.d.PublishedGradleVersions - Gradle version information cache is out-of-date. Trying to update.
2017-08-16 10:16:37,490 [Worker-1] INFO  c.g.t.t.d.PublishedGradleVersions - Gradle version information cache is out-of-date. Trying to update.
2017-08-16 16:46:28,298 [Worker-0] INFO  c.g.t.t.d.PublishedGradleVersions - Gradle version information cache is up-to-date. Trying to read.
2017-08-17 09:04:49,785 [Worker-7] INFO  c.g.t.t.d.PublishedGradleVersions - Gradle version information cache is up-to-date. Trying to read.
2017-08-18 09:23:15,960 [Worker-5] INFO  c.g.t.t.d.PublishedGradleVersions - Gradle version information cache is out-of-date. Trying to update.
2017-08-18 10:10:32,945 [Worker-5] INFO  c.g.t.t.d.PublishedGradleVersions - Gradle version information cache is up-to-date. Trying to read.
2017-08-18 16:58:37,144 [Worker-4] INFO  c.g.t.t.d.PublishedGradleVersions - Gradle version information cache is up-to-date. Trying to read.
2017-08-21 10:45:10,581 [Worker-0] INFO  c.g.t.t.d.PublishedGradleVersions - Gradle version information cache is out-of-date. Trying to update.
2017-08-21 11:52:14,005 [Worker-5] INFO  c.g.t.t.d.PublishedGradleVersions - Gradle version information cache is up-to-date. Trying to read.
2017-08-22 08:48:44,385 [Worker-0] INFO  c.g.t.t.d.PublishedGradleVersions - Gradle version information cache is up-to-date. Trying to read.
2017-08-23 08:37:46,194 [Worker-0] INFO  c.g.t.t.d.PublishedGradleVersions - Gradle version information cache is out-of-date. Trying to update.
2017-08-25 19:12:11,914 [Worker-5] INFO  c.g.t.t.d.PublishedGradleVersions - Gradle version information cache is out-of-date. Trying to update.
2017-08-26 09:25:12,293 [Worker-4] INFO  c.g.t.t.d.PublishedGradleVersions - Gradle version information cache is up-to-date. Trying to read.
2017-08-26 14:39:29,987 [Worker-4] INFO  c.g.t.t.d.PublishedGradleVersions - Gradle version information cache is up-to-date. Trying to read.
2017-08-28 08:34:42,665 [Worker-1] INFO  c.g.t.t.d.PublishedGradleVersions - Gradle version information cache is out-of-date. Trying to update.
2017-08-29 08:50:16,559 [Worker-1] INFO  c.g.t.t.d.PublishedGradleVersions - Gradle version information cache is out-of-date. Trying to update.
2017-08-29 15:44:19,016 [Worker-0] INFO  c.g.t.t.d.PublishedGradleVersions - Gradle version information cache is up-to-date. Trying to read.
2017-08-29 16:03:33,561 [Worker-6] INFO  c.g.t.t.d.PublishedGradleVersions - Gradle version information cache is up-to-date. Trying to read.
2017-08-29 16:11:26,485 [Worker-1] INFO  c.g.t.t.d.PublishedGradleVersions - Gradle version information cache is up-to-date. Trying to read.
2017-08-29 16:39:18,087 [Worker-1] INFO  c.g.t.t.d.PublishedGradleVersions - Gradle version information cache is up-to-date. Trying to read.
2017-08-29 16:40:28,675 [Worker-0] INFO  c.g.t.t.d.PublishedGradleVersions - Gradle version information cache is up-to-date. Trying to read.
2017-08-30 08:59:32,789 [Worker-0] INFO  c.g.t.t.d.PublishedGradleVersions - Gradle version information cache is out-of-date. Trying to update.
2017-08-30 16:03:27,214 [Worker-4] INFO  c.g.t.t.d.PublishedGradleVersions - Gradle version information cache is up-to-date. Trying to read.
2017-08-31 09:02:16,228 [Worker-3] INFO  c.g.t.t.d.PublishedGradleVersions - Gradle version information cache is out-of-date. Trying to update.
2017-08-31 10:59:52,110 [Worker-4] INFO  c.g.t.t.d.PublishedGradleVersions - Gradle version information cache is up-to-date. Trying to read.
2017-09-01 08:55:51,231 [Worker-3] INFO  c.g.t.t.d.PublishedGradleVersions - Gradle version information cache is up-to-date. Trying to read.
2017-09-01 15:53:27,272 [Worker-7] INFO  c.g.t.t.d.PublishedGradleVersions - Gradle version information cache is out-of-date. Trying to update.
2017-09-01 16:14:20,246 [Worker-9] INFO  c.g.t.t.d.PublishedGradleVersions - Gradle version information cache is up-to-date. Trying to read.
2017-09-01 16:16:58,492 [Worker-0] INFO  c.g.t.t.d.PublishedGradleVersions - Gradle version information cache is up-to-date. Trying to read.
2017-09-04 09:01:25,786 [Worker-3] INFO  c.g.t.t.d.PublishedGradleVersions - Gradle version information cache is out-of-date. Trying to update.
2017-09-04 13:52:05,934 [Worker-1] INFO  c.g.t.t.d.PublishedGradleVersions - Gradle version information cache is up-to-date. Trying to read.
2017-09-04 21:11:57,455 [Worker-222] INFO  o.e.m.s.i.w.MavenProjectCheckoutJob - No Maven projects to import
2017-09-05 08:55:48,176 [Worker-6] INFO  c.g.t.t.d.PublishedGradleVersions - Gradle version information cache is up-to-date. Trying to read.
2017-09-06 19:04:10,105 [main] ERROR o.e.m.c.i.p.r.ProjectRegistryReader - Can't read workspace state
java.io.StreamCorruptedException: invalid stream header: 00000000
	at java.io.ObjectInputStream.readStreamHeader(ObjectInputStream.java:857) ~[na:1.8.0_144]
	at java.io.ObjectInputStream.<init>(ObjectInputStream.java:349) ~[na:1.8.0_144]
	at org.eclipse.m2e.core.internal.project.registry.ProjectRegistryReader$1.<init>(ProjectRegistryReader.java:67) ~[org.eclipse.m2e.core_1.8.0.20170516-2043.jar:na]
	at org.eclipse.m2e.core.internal.project.registry.ProjectRegistryReader.readWorkspaceState(ProjectRegistryReader.java:67) ~[org.eclipse.m2e.core_1.8.0.20170516-2043.jar:na]
	at org.eclipse.m2e.core.internal.project.registry.ProjectRegistryManager.<init>(ProjectRegistryManager.java:164) [org.eclipse.m2e.core_1.8.0.20170516-2043.jar:na]
	at org.eclipse.m2e.core.internal.MavenPluginActivator.start(MavenPluginActivator.java:211) [org.eclipse.m2e.core_1.8.0.20170516-2043.jar:na]
	at org.eclipse.osgi.internal.framework.BundleContextImpl$3.run(BundleContextImpl.java:779) [org.eclipse.osgi_3.12.0.v20170512-1932.jar:na]
	at org.eclipse.osgi.internal.framework.BundleContextImpl$3.run(BundleContextImpl.java:1) [org.eclipse.osgi_3.12.0.v20170512-1932.jar:na]
	at java.security.AccessController.doPrivileged(Native Method) [na:1.8.0_144]
	at org.eclipse.osgi.internal.framework.BundleContextImpl.startActivator(BundleContextImpl.java:772) [org.eclipse.osgi_3.12.0.v20170512-1932.jar:na]
	at org.eclipse.osgi.internal.framework.BundleContextImpl.start(BundleContextImpl.java:729) [org.eclipse.osgi_3.12.0.v20170512-1932.jar:na]
	at org.eclipse.osgi.internal.framework.EquinoxBundle.startWorker0(EquinoxBundle.java:933) [org.eclipse.osgi_3.12.0.v20170512-1932.jar:na]
	at org.eclipse.osgi.internal.framework.EquinoxBundle$EquinoxModule.startWorker(EquinoxBundle.java:309) [org.eclipse.osgi_3.12.0.v20170512-1932.jar:na]
	at org.eclipse.osgi.container.Module.doStart(Module.java:581) [org.eclipse.osgi_3.12.0.v20170512-1932.jar:na]
	at org.eclipse.osgi.container.Module.start(Module.java:449) [org.eclipse.osgi_3.12.0.v20170512-1932.jar:na]
	at org.eclipse.osgi.framework.util.SecureAction.start(SecureAction.java:468) [org.eclipse.osgi_3.12.0.v20170512-1932.jar:na]
	at org.eclipse.osgi.internal.hooks.EclipseLazyStarter.postFindLocalClass(EclipseLazyStarter.java:103) [org.eclipse.osgi_3.12.0.v20170512-1932.jar:na]
	at org.eclipse.osgi.internal.loader.classpath.ClasspathManager.findLocalClass(ClasspathManager.java:529) [org.eclipse.osgi_3.12.0.v20170512-1932.jar:na]
	at org.eclipse.osgi.internal.loader.ModuleClassLoader.findLocalClass(ModuleClassLoader.java:328) [org.eclipse.osgi_3.12.0.v20170512-1932.jar:na]
	at org.eclipse.osgi.internal.loader.BundleLoader.findLocalClass(BundleLoader.java:368) [org.eclipse.osgi_3.12.0.v20170512-1932.jar:na]
	at org.eclipse.osgi.internal.loader.BundleLoader.findClassInternal(BundleLoader.java:446) [org.eclipse.osgi_3.12.0.v20170512-1932.jar:na]
	at org.eclipse.osgi.internal.loader.BundleLoader.findClass(BundleLoader.java:395) [org.eclipse.osgi_3.12.0.v20170512-1932.jar:na]
	at org.eclipse.osgi.internal.loader.BundleLoader.findClass(BundleLoader.java:387) [org.eclipse.osgi_3.12.0.v20170512-1932.jar:na]
	at org.eclipse.osgi.internal.loader.ModuleClassLoader.loadClass(ModuleClassLoader.java:150) [org.eclipse.osgi_3.12.0.v20170512-1932.jar:na]
	at java.lang.ClassLoader.loadClass(ClassLoader.java:357) [na:1.8.0_144]
	at org.eclipse.osgi.internal.framework.EquinoxBundle.loadClass(EquinoxBundle.java:564) [org.eclipse.osgi_3.12.0.v20170512-1932.jar:na]
	at org.eclipse.core.internal.registry.osgi.RegistryStrategyOSGI.createExecutableExtension(RegistryStrategyOSGI.java:174) [org.eclipse.equinox.registry_3.7.0.v20170222-1344.jar:na]
	at org.eclipse.core.internal.registry.ExtensionRegistry.createExecutableExtension(ExtensionRegistry.java:905) [org.eclipse.equinox.registry_3.7.0.v20170222-1344.jar:na]
	at org.eclipse.core.internal.registry.ConfigurationElement.createExecutableExtension(ConfigurationElement.java:243) [org.eclipse.equinox.registry_3.7.0.v20170222-1344.jar:na]
	at org.eclipse.core.internal.registry.ConfigurationElementHandle.createExecutableExtension(ConfigurationElementHandle.java:55) [org.eclipse.equinox.registry_3.7.0.v20170222-1344.jar:na]
	at org.eclipse.core.internal.content.ContentType.getDescriber(ContentType.java:279) [org.eclipse.core.contenttype_3.6.0.v20170207-1037.jar:na]
	at org.eclipse.core.internal.content.ContentTypeCatalog.collectMatchingByContents(ContentTypeCatalog.java:191) [org.eclipse.core.contenttype_3.6.0.v20170207-1037.jar:na]
	at org.eclipse.core.internal.content.ContentTypeCatalog.internalFindContentTypesFor(ContentTypeCatalog.java:409) [org.eclipse.core.contenttype_3.6.0.v20170207-1037.jar:na]
	at org.eclipse.core.internal.content.ContentTypeCatalog.internalFindContentTypesFor(ContentTypeCatalog.java:458) [org.eclipse.core.contenttype_3.6.0.v20170207-1037.jar:na]
	at org.eclipse.core.internal.content.ContentTypeCatalog.findContentTypesFor(ContentTypeCatalog.java:306) [org.eclipse.core.contenttype_3.6.0.v20170207-1037.jar:na]
	at org.eclipse.core.internal.content.ContentTypeMatcher.findContentTypeFor(ContentTypeMatcher.java:36) [org.eclipse.core.contenttype_3.6.0.v20170207-1037.jar:na]
	at org.eclipse.wst.sse.core.internal.modelhandler.ModelHandlerRegistry.getHandlerFor(ModelHandlerRegistry.java:230) [org.eclipse.wst.sse.core_1.1.1000.v201704201929.jar:na]
	at org.eclipse.wst.sse.core.internal.model.ModelManagerImpl.calculateType(ModelManagerImpl.java:750) [org.eclipse.wst.sse.core_1.1.1000.v201704201929.jar:na]
	at org.eclipse.wst.sse.core.internal.model.ModelManagerImpl.getModelForEdit(ModelManagerImpl.java:1427) [org.eclipse.wst.sse.core_1.1.1000.v201704201929.jar:na]
	at org.eclipse.wst.sse.ui.internal.StorageModelProvider.loadModel(StorageModelProvider.java:733) [org.eclipse.wst.sse.ui_1.3.600.v201704250123.jar:na]
	at org.eclipse.wst.sse.ui.internal.StorageModelProvider.loadModel(StorageModelProvider.java:705) [org.eclipse.wst.sse.ui_1.3.600.v201704250123.jar:na]
	at org.eclipse.wst.sse.ui.internal.StorageModelProvider.selfCreateModel(StorageModelProvider.java:761) [org.eclipse.wst.sse.ui_1.3.600.v201704250123.jar:na]
	at org.eclipse.wst.sse.ui.internal.StorageModelProvider.createModelInfo(StorageModelProvider.java:478) [org.eclipse.wst.sse.ui_1.3.600.v201704250123.jar:na]
	at org.eclipse.wst.sse.ui.internal.StorageModelProvider.createElementInfo(StorageModelProvider.java:469) [org.eclipse.wst.sse.ui_1.3.600.v201704250123.jar:na]
	at org.eclipse.ui.texteditor.AbstractDocumentProvider.connect(AbstractDocumentProvider.java:392) [org.eclipse.ui.workbench.texteditor_3.10.100.v20170426-2021.jar:na]
	at org.eclipse.ui.texteditor.AbstractTextEditor.doSetInput(AbstractTextEditor.java:4178) [org.eclipse.ui.workbench.texteditor_3.10.100.v20170426-2021.jar:na]
	at org.eclipse.ui.texteditor.StatusTextEditor.doSetInput(StatusTextEditor.java:257) [org.eclipse.ui.workbench.texteditor_3.10.100.v20170426-2021.jar:na]
	at org.eclipse.ui.texteditor.AbstractDecoratedTextEditor.doSetInput(AbstractDecoratedTextEditor.java:1466) [org.eclipse.ui.editors_3.11.0.v20170202-1823.jar:na]
	at org.eclipse.ui.editors.text.TextEditor.doSetInput(TextEditor.java:150) [org.eclipse.ui.editors_3.11.0.v20170202-1823.jar:na]
	at org.eclipse.wst.sse.ui.StructuredTextEditor.doSetInput(StructuredTextEditor.java:1958) [org.eclipse.wst.sse.ui_1.3.600.v201704250123.jar:na]
	at org.eclipse.ui.texteditor.AbstractTextEditor$5.run(AbstractTextEditor.java:3154) [org.eclipse.ui.workbench.texteditor_3.10.100.v20170426-2021.jar:na]
	at org.eclipse.jface.operation.ModalContext.runInCurrentThread(ModalContext.java:437) [org.eclipse.jface_3.13.0.v20170503-1507.jar:na]
	at org.eclipse.jface.operation.ModalContext.run(ModalContext.java:353) [org.eclipse.jface_3.13.0.v20170503-1507.jar:na]
	at org.eclipse.ui.internal.WorkbenchWindow$14.run(WorkbenchWindow.java:2180) [org.eclipse.ui.workbench_3.110.0.v20170612-1255.jar:na]
	at org.eclipse.swt.custom.BusyIndicator.showWhile(BusyIndicator.java:70) [org.eclipse.swt.win32.win32.x86_64_3.106.0.v20170608-0516.jar:na]
	at org.eclipse.ui.internal.WorkbenchWindow.run(WorkbenchWindow.java:2176) [org.eclipse.ui.workbench_3.110.0.v20170612-1255.jar:na]
	at org.eclipse.ui.texteditor.AbstractTextEditor.internalInit(AbstractTextEditor.java:3172) [org.eclipse.ui.workbench.texteditor_3.10.100.v20170426-2021.jar:na]
	at org.eclipse.ui.texteditor.AbstractTextEditor.init(AbstractTextEditor.java:3197) [org.eclipse.ui.workbench.texteditor_3.10.100.v20170426-2021.jar:na]
	at org.eclipse.wst.sse.ui.StructuredTextEditor.init(StructuredTextEditor.java:2651) [org.eclipse.wst.sse.ui_1.3.600.v201704250123.jar:na]
	at org.eclipse.ui.part.MultiPageEditorPart.addPage(MultiPageEditorPart.java:237) [org.eclipse.ui.workbench_3.110.0.v20170612-1255.jar:na]
	at org.eclipse.ui.part.MultiPageEditorPart.addPage(MultiPageEditorPart.java:211) [org.eclipse.ui.workbench_3.110.0.v20170612-1255.jar:na]
	at org.eclipse.wst.xml.ui.internal.tabletree.XMLMultiPageEditorPart.addSourcePage(XMLMultiPageEditorPart.java:515) [org.eclipse.wst.xml.ui_1.1.800.v201704102213.jar:na]
	at org.eclipse.wst.xml.ui.internal.tabletree.XMLMultiPageEditorPart.createPages(XMLMultiPageEditorPart.java:771) [org.eclipse.wst.xml.ui_1.1.800.v201704102213.jar:na]
	at org.eclipse.ui.part.MultiPageEditorPart.createPartControl(MultiPageEditorPart.java:348) [org.eclipse.ui.workbench_3.110.0.v20170612-1255.jar:na]
	at org.eclipse.ui.internal.e4.compatibility.CompatibilityPart.createPartControl(CompatibilityPart.java:151) [org.eclipse.ui.workbench_3.110.0.v20170612-1255.jar:na]
	at org.eclipse.ui.internal.e4.compatibility.CompatibilityEditor.createPartControl(CompatibilityEditor.java:99) [org.eclipse.ui.workbench_3.110.0.v20170612-1255.jar:na]
	at org.eclipse.ui.internal.e4.compatibility.CompatibilityPart.create(CompatibilityPart.java:355) [org.eclipse.ui.workbench_3.110.0.v20170612-1255.jar:na]
	at sun.reflect.GeneratedMethodAccessor85.invoke(Unknown Source) ~[na:na]
	at sun.reflect.DelegatingMethodAccessorImpl.invoke(DelegatingMethodAccessorImpl.java:43) ~[na:1.8.0_144]
	at java.lang.reflect.Method.invoke(Method.java:498) ~[na:1.8.0_144]
	at org.eclipse.e4.core.internal.di.MethodRequestor.execute(MethodRequestor.java:55) [org.eclipse.e4.core.di_1.6.100.v20170421-1418.jar:na]
	at org.eclipse.e4.core.internal.di.InjectorImpl.processAnnotated(InjectorImpl.java:990) [org.eclipse.e4.core.di_1.6.100.v20170421-1418.jar:na]
	at org.eclipse.e4.core.internal.di.InjectorImpl.processAnnotated(InjectorImpl.java:955) [org.eclipse.e4.core.di_1.6.100.v20170421-1418.jar:na]
	at org.eclipse.e4.core.internal.di.InjectorImpl.inject(InjectorImpl.java:124) [org.eclipse.e4.core.di_1.6.100.v20170421-1418.jar:na]
	at org.eclipse.e4.core.internal.di.InjectorImpl.internalMake(InjectorImpl.java:399) [org.eclipse.e4.core.di_1.6.100.v20170421-1418.jar:na]
	at org.eclipse.e4.core.internal.di.InjectorImpl.make(InjectorImpl.java:318) [org.eclipse.e4.core.di_1.6.100.v20170421-1418.jar:na]
	at org.eclipse.e4.core.contexts.ContextInjectionFactory.make(ContextInjectionFactory.java:162) [org.eclipse.e4.core.contexts_1.6.0.v20170322-1144.jar:na]
	at org.eclipse.e4.ui.internal.workbench.ReflectionContributionFactory.createFromBundle(ReflectionContributionFactory.java:105) [org.eclipse.e4.ui.workbench_1.5.0.v20170412-0908.jar:na]
	at org.eclipse.e4.ui.internal.workbench.ReflectionContributionFactory.doCreate(ReflectionContributionFactory.java:74) [org.eclipse.e4.ui.workbench_1.5.0.v20170412-0908.jar:na]
	at org.eclipse.e4.ui.internal.workbench.ReflectionContributionFactory.create(ReflectionContributionFactory.java:56) [org.eclipse.e4.ui.workbench_1.5.0.v20170412-0908.jar:na]
	at org.eclipse.e4.ui.workbench.renderers.swt.ContributedPartRenderer.createWidget(ContributedPartRenderer.java:129) [org.eclipse.e4.ui.workbench.renderers.swt_0.14.100.v20170612-1255.jar:na]
	at org.eclipse.e4.ui.internal.workbench.swt.PartRenderingEngine.createWidget(PartRenderingEngine.java:997) [org.eclipse.e4.ui.workbench.swt_0.14.100.v20170519-1601.jar:na]
	at org.eclipse.e4.ui.internal.workbench.swt.PartRenderingEngine.safeCreateGui(PartRenderingEngine.java:666) [org.eclipse.e4.ui.workbench.swt_0.14.100.v20170519-1601.jar:na]
	at org.eclipse.e4.ui.internal.workbench.swt.PartRenderingEngine.safeCreateGui(PartRenderingEngine.java:772) [org.eclipse.e4.ui.workbench.swt_0.14.100.v20170519-1601.jar:na]
	at org.eclipse.e4.ui.internal.workbench.swt.PartRenderingEngine.access$0(PartRenderingEngine.java:743) [org.eclipse.e4.ui.workbench.swt_0.14.100.v20170519-1601.jar:na]
	at org.eclipse.e4.ui.internal.workbench.swt.PartRenderingEngine$2.run(PartRenderingEngine.java:737) [org.eclipse.e4.ui.workbench.swt_0.14.100.v20170519-1601.jar:na]
	at org.eclipse.core.runtime.SafeRunner.run(SafeRunner.java:42) [org.eclipse.equinox.common_3.9.0.v20170207-1454.jar:na]
	at org.eclipse.e4.ui.internal.workbench.swt.PartRenderingEngine.createGui(PartRenderingEngine.java:721) [org.eclipse.e4.ui.workbench.swt_0.14.100.v20170519-1601.jar:na]
	at org.eclipse.e4.ui.internal.workbench.PartServiceImpl$1.handleEvent(PartServiceImpl.java:104) [org.eclipse.e4.ui.workbench_1.5.0.v20170412-0908.jar:na]
	at org.eclipse.e4.ui.services.internal.events.UIEventHandler$1.run(UIEventHandler.java:40) [org.eclipse.e4.ui.services_1.3.0.v20170307-2032.jar:na]
	at org.eclipse.swt.widgets.Synchronizer.syncExec(Synchronizer.java:233) [org.eclipse.swt.win32.win32.x86_64_3.106.0.v20170608-0516.jar:na]
	at org.eclipse.ui.internal.UISynchronizer.syncExec(UISynchronizer.java:144) [org.eclipse.ui.workbench_3.110.0.v20170612-1255.jar:na]
	at org.eclipse.swt.widgets.Display.syncExec(Display.java:4889) [org.eclipse.swt.win32.win32.x86_64_3.106.0.v20170608-0516.jar:na]
	at org.eclipse.e4.ui.internal.workbench.swt.E4Application$1.syncExec(E4Application.java:212) [org.eclipse.e4.ui.workbench.swt_0.14.100.v20170519-1601.jar:na]
	at org.eclipse.e4.ui.services.internal.events.UIEventHandler.handleEvent(UIEventHandler.java:36) [org.eclipse.e4.ui.services_1.3.0.v20170307-2032.jar:na]
	at org.eclipse.equinox.internal.event.EventHandlerWrapper.handleEvent(EventHandlerWrapper.java:201) [org.eclipse.equinox.event_1.4.0.v20170105-1446.jar:na]
	at org.eclipse.equinox.internal.event.EventHandlerTracker.dispatchEvent(EventHandlerTracker.java:197) [org.eclipse.equinox.event_1.4.0.v20170105-1446.jar:na]
	at org.eclipse.equinox.internal.event.EventHandlerTracker.dispatchEvent(EventHandlerTracker.java:1) [org.eclipse.equinox.event_1.4.0.v20170105-1446.jar:na]
	at org.eclipse.osgi.framework.eventmgr.EventManager.dispatchEvent(EventManager.java:230) [org.eclipse.osgi_3.12.0.v20170512-1932.jar:na]
	at org.eclipse.osgi.framework.eventmgr.ListenerQueue.dispatchEventSynchronous(ListenerQueue.java:148) [org.eclipse.osgi_3.12.0.v20170512-1932.jar:na]
	at org.eclipse.equinox.internal.event.EventAdminImpl.dispatchEvent(EventAdminImpl.java:135) [org.eclipse.equinox.event_1.4.0.v20170105-1446.jar:na]
	at org.eclipse.equinox.internal.event.EventAdminImpl.sendEvent(EventAdminImpl.java:78) [org.eclipse.equinox.event_1.4.0.v20170105-1446.jar:na]
	at org.eclipse.equinox.internal.event.EventComponent.sendEvent(EventComponent.java:39) [org.eclipse.equinox.event_1.4.0.v20170105-1446.jar:na]
	at org.eclipse.e4.ui.services.internal.events.EventBroker.send(EventBroker.java:52) [org.eclipse.e4.ui.services_1.3.0.v20170307-2032.jar:na]
	at org.eclipse.e4.ui.internal.workbench.UIEventPublisher.notifyChanged(UIEventPublisher.java:60) [org.eclipse.e4.ui.workbench_1.5.0.v20170412-0908.jar:na]
	at org.eclipse.emf.common.notify.impl.BasicNotifierImpl.eNotify(BasicNotifierImpl.java:374) [org.eclipse.emf.common_2.13.0.v20170609-0707.jar:na]
	at org.eclipse.e4.ui.model.application.ui.impl.ElementContainerImpl.setSelectedElement(ElementContainerImpl.java:173) [org.eclipse.e4.ui.model.workbench_2.0.0.v20170228-1842.jar:na]
	at org.eclipse.e4.ui.internal.workbench.ModelServiceImpl.showElementInWindow(ModelServiceImpl.java:620) [org.eclipse.e4.ui.workbench_1.5.0.v20170412-0908.jar:na]
	at org.eclipse.e4.ui.internal.workbench.ModelServiceImpl.bringToTop(ModelServiceImpl.java:584) [org.eclipse.e4.ui.workbench_1.5.0.v20170412-0908.jar:na]
	at org.eclipse.e4.ui.internal.workbench.PartServiceImpl.delegateBringToTop(PartServiceImpl.java:768) [org.eclipse.e4.ui.workbench_1.5.0.v20170412-0908.jar:na]
	at org.eclipse.e4.ui.internal.workbench.PartServiceImpl.bringToTop(PartServiceImpl.java:401) [org.eclipse.e4.ui.workbench_1.5.0.v20170412-0908.jar:na]
	at org.eclipse.e4.ui.internal.workbench.PartServiceImpl.showPart(PartServiceImpl.java:1187) [org.eclipse.e4.ui.workbench_1.5.0.v20170412-0908.jar:na]
	at org.eclipse.ui.internal.WorkbenchPage.busyOpenEditor(WorkbenchPage.java:3261) [org.eclipse.ui.workbench_3.110.0.v20170612-1255.jar:na]
	at org.eclipse.ui.internal.WorkbenchPage.access$25(WorkbenchPage.java:3176) [org.eclipse.ui.workbench_3.110.0.v20170612-1255.jar:na]
	at org.eclipse.ui.internal.WorkbenchPage$10.run(WorkbenchPage.java:3158) [org.eclipse.ui.workbench_3.110.0.v20170612-1255.jar:na]
	at org.eclipse.swt.custom.BusyIndicator.showWhile(BusyIndicator.java:70) [org.eclipse.swt.win32.win32.x86_64_3.106.0.v20170608-0516.jar:na]
	at org.eclipse.ui.internal.WorkbenchPage.openEditor(WorkbenchPage.java:3153) [org.eclipse.ui.workbench_3.110.0.v20170612-1255.jar:na]
	at org.eclipse.ui.internal.WorkbenchPage.openEditor(WorkbenchPage.java:3117) [org.eclipse.ui.workbench_3.110.0.v20170612-1255.jar:na]
	at org.eclipse.team.svn.ui.operation.OpenRemoteFileOperation.openEditor(OpenRemoteFileOperation.java:178) [org.eclipse.team.svn.ui_4.0.5.I20170425-1700.jar:na]
	at org.eclipse.team.svn.ui.operation.OpenRemoteFileOperation.openFile(OpenRemoteFileOperation.java:162) [org.eclipse.team.svn.ui_4.0.5.I20170425-1700.jar:na]
	at org.eclipse.team.svn.ui.operation.OpenRemoteFileOperation$2$1.run(OpenRemoteFileOperation.java:116) [org.eclipse.team.svn.ui_4.0.5.I20170425-1700.jar:na]
	at org.eclipse.team.svn.core.utility.ProgressMonitorUtility.doSubTask(ProgressMonitorUtility.java:118) [org.eclipse.team.svn.core_4.0.5.I20170425-1700.jar:na]
	at org.eclipse.team.svn.core.operation.AbstractActionOperation.protectStep(AbstractActionOperation.java:156) [org.eclipse.team.svn.core_4.0.5.I20170425-1700.jar:na]
	at org.eclipse.team.svn.core.operation.AbstractActionOperation.protectStep(AbstractActionOperation.java:151) [org.eclipse.team.svn.core_4.0.5.I20170425-1700.jar:na]
	at org.eclipse.team.svn.ui.operation.OpenRemoteFileOperation.access$0(OpenRemoteFileOperation.java:1) [org.eclipse.team.svn.ui_4.0.5.I20170425-1700.jar:na]
	at org.eclipse.team.svn.ui.operation.OpenRemoteFileOperation$2.run(OpenRemoteFileOperation.java:114) [org.eclipse.team.svn.ui_4.0.5.I20170425-1700.jar:na]
	at org.eclipse.ui.internal.PendingSyncExec.run(PendingSyncExec.java:58) [org.eclipse.ui.workbench_3.110.0.v20170612-1255.jar:na]
	at org.eclipse.ui.internal.UILockListener.doPendingWork(UILockListener.java:168) [org.eclipse.ui.workbench_3.110.0.v20170612-1255.jar:na]
	at org.eclipse.ui.internal.UISynchronizer.lambda$0(UISynchronizer.java:150) [org.eclipse.ui.workbench_3.110.0.v20170612-1255.jar:na]
	at org.eclipse.swt.widgets.RunnableLock.run(RunnableLock.java:37) ~[org.eclipse.swt.win32.win32.x86_64_3.106.0.v20170608-0516.jar:na]
	at org.eclipse.swt.widgets.Synchronizer.runAsyncMessages(Synchronizer.java:182) [org.eclipse.swt.win32.win32.x86_64_3.106.0.v20170608-0516.jar:na]
	at org.eclipse.swt.widgets.Display.runAsyncMessages(Display.java:4213) [org.eclipse.swt.win32.win32.x86_64_3.106.0.v20170608-0516.jar:na]
	at org.eclipse.swt.widgets.Display.readAndDispatch(Display.java:3820) [org.eclipse.swt.win32.win32.x86_64_3.106.0.v20170608-0516.jar:na]
	at org.eclipse.e4.ui.internal.workbench.swt.PartRenderingEngine$5.run(PartRenderingEngine.java:1155) ~[org.eclipse.e4.ui.workbench.swt_0.14.100.v20170519-1601.jar:na]
	at org.eclipse.core.databinding.observable.Realm.runWithDefault(Realm.java:336) ~[org.eclipse.core.databinding.observable_1.6.100.v20170515-1119.jar:na]
	at org.eclipse.e4.ui.internal.workbench.swt.PartRenderingEngine.run(PartRenderingEngine.java:1044) [org.eclipse.e4.ui.workbench.swt_0.14.100.v20170519-1601.jar:na]
	at org.eclipse.e4.ui.internal.workbench.E4Workbench.createAndRunUI(E4Workbench.java:153) ~[org.eclipse.e4.ui.workbench_1.5.0.v20170412-0908.jar:na]
	at org.eclipse.ui.internal.Workbench.lambda$3(Workbench.java:680) ~[org.eclipse.ui.workbench_3.110.0.v20170612-1255.jar:na]
	at org.eclipse.core.databinding.observable.Realm.runWithDefault(Realm.java:336) ~[org.eclipse.core.databinding.observable_1.6.100.v20170515-1119.jar:na]
	at org.eclipse.ui.internal.Workbench.createAndRunWorkbench(Workbench.java:594) ~[org.eclipse.ui.workbench_3.110.0.v20170612-1255.jar:na]
	at org.eclipse.ui.PlatformUI.createAndRunWorkbench(PlatformUI.java:148) ~[org.eclipse.ui.workbench_3.110.0.v20170612-1255.jar:na]
	at org.eclipse.ui.internal.ide.application.IDEApplication.start(IDEApplication.java:151) ~[na:na]
	at org.eclipse.equinox.internal.app.EclipseAppHandle.run(EclipseAppHandle.java:196) ~[org.eclipse.equinox.app_1.3.400.v20150715-1528.jar:na]
	at org.eclipse.core.runtime.internal.adaptor.EclipseAppLauncher.runApplication(EclipseAppLauncher.java:134) ~[org.eclipse.osgi_3.12.0.v20170512-1932.jar:na]
	at org.eclipse.core.runtime.internal.adaptor.EclipseAppLauncher.start(EclipseAppLauncher.java:104) ~[org.eclipse.osgi_3.12.0.v20170512-1932.jar:na]
	at org.eclipse.core.runtime.adaptor.EclipseStarter.run(EclipseStarter.java:388) ~[org.eclipse.osgi_3.12.0.v20170512-1932.jar:na]
	at org.eclipse.core.runtime.adaptor.EclipseStarter.run(EclipseStarter.java:243) ~[org.eclipse.osgi_3.12.0.v20170512-1932.jar:na]
	at sun.reflect.NativeMethodAccessorImpl.invoke0(Native Method) ~[na:1.8.0_144]
	at sun.reflect.NativeMethodAccessorImpl.invoke(NativeMethodAccessorImpl.java:62) ~[na:1.8.0_144]
	at sun.reflect.DelegatingMethodAccessorImpl.invoke(DelegatingMethodAccessorImpl.java:43) ~[na:1.8.0_144]
	at java.lang.reflect.Method.invoke(Method.java:498) ~[na:1.8.0_144]
	at org.eclipse.equinox.launcher.Main.invokeFramework(Main.java:653) ~[org.eclipse.equinox.launcher_1.4.0.v20161219-1356.jar:na]
	at org.eclipse.equinox.launcher.Main.basicRun(Main.java:590) ~[org.eclipse.equinox.launcher_1.4.0.v20161219-1356.jar:na]
	at org.eclipse.equinox.launcher.Main.run(Main.java:1499) ~[org.eclipse.equinox.launcher_1.4.0.v20161219-1356.jar:na]
2017-09-06 21:11:32,097 [Worker-0] INFO  c.g.t.t.d.PublishedGradleVersions - Gradle version information cache is out-of-date. Trying to update.
2017-09-07 08:26:35,156 [Worker-3] INFO  c.g.t.t.d.PublishedGradleVersions - Gradle version information cache is up-to-date. Trying to read.
2017-09-08 08:48:16,352 [Worker-0] INFO  c.g.t.t.d.PublishedGradleVersions - Gradle version information cache is out-of-date. Trying to update.
2017-09-08 10:00:07,263 [Worker-3] INFO  c.g.t.t.d.PublishedGradleVersions - Gradle version information cache is up-to-date. Trying to read.
2017-09-11 08:54:13,543 [Worker-3] INFO  c.g.t.t.d.PublishedGradleVersions - Gradle version information cache is out-of-date. Trying to update.
2017-09-11 20:20:10,679 [Worker-3] INFO  c.g.t.t.d.PublishedGradleVersions - Gradle version information cache is up-to-date. Trying to read.
2017-09-12 08:07:26,735 [Worker-5] INFO  c.g.t.t.d.PublishedGradleVersions - Gradle version information cache is up-to-date. Trying to read.
